<?xml version="1.0" encoding="UTF-8"?>
<testng-results total="1" passed="1" failed="0" skipped="0">
  <reporter-output>
  </reporter-output>
  <suite started-at="2024-11-23T22:13:26Z" name="test.com.itexps.GoogleTest" finished-at="2024-11-23T22:13:35Z" duration-ms="9231">
    <groups>
    </groups>
    <test started-at="2024-11-23T22:13:26Z" name="Command line test" finished-at="2024-11-23T22:13:35Z" duration-ms="9231">
      <class name="test.com.itexps.GoogleTest">
        <test-method is-config="true" signature="setUpClass()[pri:0, instance:test.com.itexps.GoogleTest@687080dc]" started-at="2024-11-23T16:13:26Z" name="setUpClass" finished-at="2024-11-23T16:13:26Z" duration-ms="21" status="PASS">
          <reporter-output>
          </reporter-output>
        </test-method> <!-- setUpClass -->
        <test-method is-config="true" signature="setUpMethod()[pri:0, instance:test.com.itexps.GoogleTest@687080dc]" started-at="2024-11-23T16:13:26Z" name="setUpMethod" finished-at="2024-11-23T16:13:31Z" duration-ms="4756" status="PASS">
          <reporter-output>
          </reporter-output>
        </test-method> <!-- setUpMethod -->
        <test-method signature="testGoogle()[pri:0, instance:test.com.itexps.GoogleTest@687080dc]" started-at="2024-11-23T16:13:31Z" name="testGoogle" finished-at="2024-11-23T16:13:35Z" duration-ms="4429" status="PASS">
          <reporter-output>
          </reporter-output>
        </test-method> <!-- testGoogle -->
        <test-method is-config="true" signature="tearDownMethod()[pri:0, instance:test.com.itexps.GoogleTest@687080dc]" started-at="2024-11-23T16:13:35Z" name="tearDownMethod" finished-at="2024-11-23T16:13:35Z" duration-ms="0" status="PASS">
          <reporter-output>
          </reporter-output>
        </test-method> <!-- tearDownMethod -->
        <test-method is-config="true" signature="tearDownClass()[pri:0, instance:test.com.itexps.GoogleTest@687080dc]" started-at="2024-11-23T16:13:35Z" name="tearDownClass" finished-at="2024-11-23T16:13:35Z" duration-ms="1" status="PASS">
          <reporter-output>
          </reporter-output>
        </test-method> <!-- tearDownClass -->
      </class> <!-- test.com.itexps.GoogleTest -->
    </test> <!-- Command line test -->
  </suite> <!-- test.com.itexps.GoogleTest -->
</testng-results>
